<?xml version="1.0" encoding="UTF-8"?>
<testsuite xmlns:xsi="http://www.w3.org/2001/XMLSchema-instance" xsi:noNamespaceSchemaLocation="https://maven.apache.org/surefire/maven-surefire-plugin/xsd/surefire-test-report-3.0.xsd" version="3.0" name="in.ashishgoyal.springbootmongodb.SpringbootmongodbApplicationTests" time="9.562" tests="1" errors="0" skipped="0" failures="0">
  <properties>
[...]
</properties>
  <testcase name="contextLoads" classname="in.ashishgoyal.springbootmongodb.SpringbootmongodbApplicationTests" time="1.892">
    <system-out><![CDATA[21:29:32.979 [main] INFO org.springframework.test.context.support.AnnotationConfigContextLoaderUtils -- Could not detect default configuration classes for test class [in.ashishgoyal.springbootmongodb.SpringbootmongodbApplicationTests]: SpringbootmongodbApplicationTests does not declare any static, non-private, non-final, nested classes annotated with @Configuration.
21:29:33.201 [main] INFO org.springframework.boot.test.context.SpringBootTestContextBootstrapper -- Found @SpringBootConfiguration in.ashishgoyal.springbootmongodb.SpringbootmongodbApplication for test class in.ashishgoyal.springbootmongodb.SpringbootmongodbApplicationTests
21:29:33.658 [main] INFO org.springframework.boot.devtools.restart.RestartApplicationListener -- Restart disabled due to context in which it is running

  .   ____          _            __ _ _
 /\\ / ___'_ __ _ _(_)_ __  __ _ \ \ \ \
( ( )\___ | '_ | '_| | '_ \/ _` | \ \ \ \
 \\/  ___)| |_)| | | | | || (_| |  ) ) ) )
  '  |____| .__|_| |_|_| |_\__, | / / / /
 =========|_|==============|___/=/_/_/_/
 :: Spring Boot ::                (v3.1.5)

2023-11-07T21:29:34.369+05:30  INFO 14452 --- [           main] i.a.s.SpringbootmongodbApplicationTests  : Starting SpringbootmongodbApplicationTests using Java 17.0.3 with PID 14452 (started by ashis in D:\ashishProject\springbootmongodb\springbootmongodb)
2023-11-07T21:29:34.372+05:30  INFO 14452 --- [           main] i.a.s.SpringbootmongodbApplicationTests  : No active profile set, falling back to 1 default profile: "default"
2023-11-07T21:29:35.874+05:30  INFO 14452 --- [           main] .s.d.r.c.RepositoryConfigurationDelegate : Bootstrapping Spring Data MongoDB repositories in DEFAULT mode.
2023-11-07T21:29:36.008+05:30  INFO 14452 --- [           main] .s.d.r.c.RepositoryConfigurationDelegate : Finished Spring Data repository scanning in 123 ms. Found 1 MongoDB repository interfaces.
2023-11-07T21:29:37.387+05:30  INFO 14452 --- [           main] org.mongodb.driver.client                : MongoClient with metadata {"driver": {"name": "mongo-java-driver|sync|spring-boot", "version": "4.9.1"}, "os": {"type": "Windows", "name": "Windows 11", "architecture": "amd64", "version": "10.0"}, "platform": "Java/Eclipse Adoptium/17.0.3+7"} created with settings MongoClientSettings{readPreference=primary, writeConcern=WriteConcern{w=null, wTimeout=null ms, journal=null}, retryWrites=true, retryReads=true, readConcern=ReadConcern{level=null}, credential=MongoCredential{mechanism=null, userName='taskmanager', source='admin', password=<hidden>, mechanismProperties=<hidden>}, streamFactoryFactory=null, commandListeners=[], codecRegistry=ProvidersCodecRegistry{codecProviders=[ValueCodecProvider{}, BsonValueCodecProvider{}, DBRefCodecProvider{}, DBObjectCodecProvider{}, DocumentCodecProvider{}, CollectionCodecProvider{}, IterableCodecProvider{}, MapCodecProvider{}, GeoJsonCodecProvider{}, GridFSFileCodecProvider{}, Jsr310CodecProvider{}, JsonObjectCodecProvider{}, BsonCodecProvider{}, EnumCodecProvider{}, com.mongodb.client.model.mql.ExpressionCodecProvider@24043ec5, com.mongodb.Jep395RecordCodecProvider@3e33b52e]}, loggerSettings=LoggerSettings{maxDocumentLength=1000}, clusterSettings={hosts=[127.0.0.1:27017], srvHost=cluster0.rpnd72o.mongodb.net, srvServiceName=mongodb, mode=MULTIPLE, requiredClusterType=REPLICA_SET, requiredReplicaSetName='atlas-m8y7r9-shard-0', serverSelector='null', clusterListeners='[]', serverSelectionTimeout='30000 ms', localThreshold='30000 ms'}, socketSettings=SocketSettings{connectTimeoutMS=10000, readTimeoutMS=0, receiveBufferSize=0, sendBufferSize=0}, heartbeatSocketSettings=SocketSettings{connectTimeoutMS=10000, readTimeoutMS=10000, receiveBufferSize=0, sendBufferSize=0}, connectionPoolSettings=ConnectionPoolSettings{maxSize=100, minSize=0, maxWaitTimeMS=120000, maxConnectionLifeTimeMS=0, maxConnectionIdleTimeMS=0, maintenanceInitialDelayMS=0, maintenanceFrequencyMS=60000, connectionPoolListeners=[], maxConnecting=2}, serverSettings=ServerSettings{heartbeatFrequencyMS=10000, minHeartbeatFrequencyMS=500, serverListeners='[]', serverMonitorListeners='[]'}, sslSettings=SslSettings{enabled=true, invalidHostNameAllowed=false, context=null}, applicationName='null', compressorList=[], uuidRepresentation=JAVA_LEGACY, serverApi=null, autoEncryptionSettings=null, contextProvider=null}
2023-11-07T21:29:37.409+05:30  INFO 14452 --- [72o.mongodb.net] org.mongodb.driver.cluster               : Adding discovered server ac-tjijj5u-shard-00-00.rpnd72o.mongodb.net:27017 to client view of cluster
2023-11-07T21:29:37.632+05:30  INFO 14452 --- [72o.mongodb.net] org.mongodb.driver.cluster               : Adding discovered server ac-tjijj5u-shard-00-01.rpnd72o.mongodb.net:27017 to client view of cluster
2023-11-07T21:29:37.939+05:30  INFO 14452 --- [72o.mongodb.net] org.mongodb.driver.cluster               : Adding discovered server ac-tjijj5u-shard-00-02.rpnd72o.mongodb.net:27017 to client view of cluster
2023-11-07T21:29:39.404+05:30  INFO 14452 --- [ngodb.net:27017] org.mongodb.driver.cluster               : Monitor thread successfully connected to server with description ServerDescription{address=ac-tjijj5u-shard-00-00.rpnd72o.mongodb.net:27017, type=REPLICA_SET_SECONDARY, state=CONNECTED, ok=true, minWireVersion=0, maxWireVersion=17, maxDocumentSize=16777216, logicalSessionTimeoutMinutes=30, roundTripTimeNanos=519220400, setName='atlas-m8y7r9-shard-0', canonicalAddress=ac-tjijj5u-shard-00-00.rpnd72o.mongodb.net:27017, hosts=[ac-tjijj5u-shard-00-00.rpnd72o.mongodb.net:27017, ac-tjijj5u-shard-00-02.rpnd72o.mongodb.net:27017, ac-tjijj5u-shard-00-01.rpnd72o.mongodb.net:27017], passives=[], arbiters=[], primary='ac-tjijj5u-shard-00-01.rpnd72o.mongodb.net:27017', tagSet=TagSet{[Tag{name='nodeType', value='ELECTABLE'}, Tag{name='provider', value='AWS'}, Tag{name='region', value='AP_SOUTH_1'}, Tag{name='workloadType', value='OPERATIONAL'}]}, electionId=null, setVersion=7, topologyVersion=TopologyVersion{processId=653a07b805f08bd8267aa58e, counter=4}, lastWriteDate=Tue Nov 07 21:29:38 IST 2023, lastUpdateTimeNanos=106377273057800}
2023-11-07T21:29:39.404+05:30  INFO 14452 --- [ngodb.net:27017] org.mongodb.driver.cluster               : Monitor thread successfully connected to server with description ServerDescription{address=ac-tjijj5u-shard-00-01.rpnd72o.mongodb.net:27017, type=REPLICA_SET_PRIMARY, state=CONNECTED, ok=true, minWireVersion=0, maxWireVersion=17, maxDocumentSize=16777216, logicalSessionTimeoutMinutes=30, roundTripTimeNanos=521112800, setName='atlas-m8y7r9-shard-0', canonicalAddress=ac-tjijj5u-shard-00-01.rpnd72o.mongodb.net:27017, hosts=[ac-tjijj5u-shard-00-00.rpnd72o.mongodb.net:27017, ac-tjijj5u-shard-00-02.rpnd72o.mongodb.net:27017, ac-tjijj5u-shard-00-01.rpnd72o.mongodb.net:27017], passives=[], arbiters=[], primary='ac-tjijj5u-shard-00-01.rpnd72o.mongodb.net:27017', tagSet=TagSet{[Tag{name='nodeType', value='ELECTABLE'}, Tag{name='provider', value='AWS'}, Tag{name='region', value='AP_SOUTH_1'}, Tag{name='workloadType', value='OPERATIONAL'}]}, electionId=7fffffff0000000000000280, setVersion=7, topologyVersion=TopologyVersion{processId=653a08cbb3aad6850dbc3fab, counter=6}, lastWriteDate=Tue Nov 07 21:29:38 IST 2023, lastUpdateTimeNanos=106377274427400}
2023-11-07T21:29:39.406+05:30  INFO 14452 --- [ngodb.net:27017] org.mongodb.driver.cluster               : Monitor thread successfully connected to server with description ServerDescription{address=ac-tjijj5u-shard-00-02.rpnd72o.mongodb.net:27017, type=REPLICA_SET_SECONDARY, state=CONNECTED, ok=true, minWireVersion=0, maxWireVersion=17, maxDocumentSize=16777216, logicalSessionTimeoutMinutes=30, roundTripTimeNanos=520634800, setName='atlas-m8y7r9-shard-0', canonicalAddress=ac-tjijj5u-shard-00-02.rpnd72o.mongodb.net:27017, hosts=[ac-tjijj5u-shard-00-00.rpnd72o.mongodb.net:27017, ac-tjijj5u-shard-00-02.rpnd72o.mongodb.net:27017, ac-tjijj5u-shard-00-01.rpnd72o.mongodb.net:27017], passives=[], arbiters=[], primary='ac-tjijj5u-shard-00-01.rpnd72o.mongodb.net:27017', tagSet=TagSet{[Tag{name='nodeType', value='ELECTABLE'}, Tag{name='provider', value='AWS'}, Tag{name='region', value='AP_SOUTH_1'}, Tag{name='workloadType', value='OPERATIONAL'}]}, electionId=null, setVersion=7, topologyVersion=TopologyVersion{processId=653a09f6384944a4b6d69d4d, counter=3}, lastWriteDate=Tue Nov 07 21:29:38 IST 2023, lastUpdateTimeNanos=106377274585900}
2023-11-07T21:29:39.418+05:30  INFO 14452 --- [ngodb.net:27017] org.mongodb.driver.cluster               : Discovered replica set primary ac-tjijj5u-shard-00-01.rpnd72o.mongodb.net:27017 with max election id 7fffffff0000000000000280 and max set version 7
2023-11-07T21:29:40.261+05:30  INFO 14452 --- [           main] i.a.s.SpringbootmongodbApplicationTests  : Started SpringbootmongodbApplicationTests in 6.632 seconds (process running for 8.947)
]]></system-out>
  </testcase>
</testsuite>